# This file was automatically created by FeynRules 2.3.49
# Mathematica version: 12.3.1 for Mac OS X ARM (64-bit) (July 24, 2021)
# Date: Tue 28 Oct 2025 00:42:21


# 
# This is the logfile for the model DF

# Authors: YC
# Checking the Quantum numbers
   >>> Electric charge not defined for the model. Assuming zero electric charge for all particles.
# Checking the Lagrangians
   * All Lagrangians are ok.
#
# Particle definitions
#

   * No particles removed. All particles correspond to GenInt setup.

# Automatically assigned PDG numbers
   * Assigned PDG number 9000001 to particle Snu
   * Assigned PDG number 9000002 to particle ele
   * Assigned PDG number 9000003 to particle mu
   * Assigned PDG number 9000004 to particle ta
   * Assigned PDG number 9000005 to particle Proton
   * Assigned PDG number 9000006 to particle Nu
   * Assigned PDG number 9000007 to particle A


# Compulsory PDG codes:
   * Class SM leptons incomplete. 11, 13, 15 missing.
   * Class SM neutrinos incomplete. 12, 14, 16 missing.
   * Class SM quarks incomplete. 1, 2, 3, 4, 5, 6 missing.
   * Class SM gauge bosons incomplete. 21, 22, 23, 24 missing.
#
# Parameter definitions
#

   * Parameter Zm has no value. Default value 1 assigned.
   * Parameter ZA has no value. Default value 1 assigned.
   * Parameter Zpsi has no value. Default value 1 assigned.
   * Parameter Zxi has no value. Default value 1 assigned.
   * Parameter Zg has no value. Default value 1 assigned.

